Tunneling executor handler for executor BIPComponent=(type = monitor.C_SystemsMonitor, hashCode = 841722896) and bipSpec mornitoring.C_SystemsMonitor@323644fe has been created.
********************************* Register *************************************
Component : mornitoring.C_SystemsMonitor@323644fe
******************************************************************************
Tunneling executor handler for executor BIPComponent=(type = mornitoring.C_VirtualMachine, hashCode = 518226923) and bipSpec mornitoring.C_VirtualMachine@15d4c9a7 has been created.
********************************* Register *************************************
Component : mornitoring.C_VirtualMachine@15d4c9a7
******************************************************************************
Tunneling executor handler for executor BIPComponent=(type = mornitoring.C_VirtualMachine, hashCode = 1756951942) and bipSpec mornitoring.C_VirtualMachine@708eea60 has been created.
********************************* Register *************************************
Component : mornitoring.C_VirtualMachine@708eea60
******************************************************************************
Tunneling executor handler for executor BIPComponent=(type = elements.C_MySQL, hashCode = 1401984627) and bipSpec mornitoring.C_MySQL@7116b01e has been created.
********************************* Register *************************************
Component : mornitoring.C_MySQL@7116b01e
******************************************************************************
Tunneling executor handler for executor BIPComponent=(type = elements.C_MySQL, hashCode = 937043596) and bipSpec mornitoring.C_MySQL@284273ef has been created.
********************************* Register *************************************
Component : mornitoring.C_MySQL@284273ef
******************************************************************************
Tunneling executor handler for executor BIPComponent=(type = steps.Tomcat, hashCode = 1645364096) and bipSpec mornitoring.C_Tomcat@2c4a94d5 has been created.
********************************* Register *************************************
Component : mornitoring.C_Tomcat@2c4a94d5
******************************************************************************
Tunneling executor handler for executor BIPComponent=(type = steps.Tomcat, hashCode = 475786679) and bipSpec mornitoring.C_Tomcat@78ac07ac has been created.
********************************* Register *************************************
Component : mornitoring.C_Tomcat@78ac07ac
******************************************************************************
Engine thread is started.
Glue constraints added to existing total BDD.
Invocation: start
Invocation: start
vm1: is on	-

vm2: is on	-

Invocation: active
Invocation: active
mysql1 check can Deploy: true
mysql2 check can Deploy: true
Invocation: deploy
Invocation: VMready
mysql1: is deployed on {vm2-Running}	-----

Invocation: running
Monitor: {vm2} is {Running}.

mysql2 check can Deploy: true
Invocation: deploy
Invocation: VMready
tomcat2: is deployed on {vm2-Running}	-----

Invocation: running
Monitor: {vm2} is {Running}.

mysql2 check can Deploy: true
Invocation: deploy
Invocation: running
Invocation: VMready
mysql2: is deployed on {vm2-Running}	-----

Monitor: {vm2} is {Running}.

Invocation: start
Invocation: running
Invocation: VMready
mysql2: is running on {vm2-Running}	-----

Monitor: {vm2} is {Running}.

Invocation: start
Invocation: running
Invocation: VMready
mysql1: is running on {vm2-Running}	-----

Monitor: {vm2} is {Running}.

Invocation: deploy
Invocation: VMready
tomcat1: is deployed on {vm2-Running}	-----

Invocation: running
Monitor: {vm2} is {Running}.

Invocation: VMready
Invocation: running
Monitor: {vm2} is {Running}.

Invocation: start
Invocation: running
tomcat2: is running on {vm2-Running}, connected to {mysql2-Active}	-----

mysql1: is running on {vm2-Running}	-----

Invocation: fail
mysql2 {Active}: spontaneous FAILED	-----

tomcat2 should STOP
Invocation: start
Invocation: running
Invocation: VMready
mysql2: is running on {vm2-Running}	-----

Monitor: {vm2} is {Running}.

Invocation: start
Invocation: running
tomcat1: is running on {vm2-Running}, connected to {mysql1-Active}	-----

mysql1: is running on {vm2-Running}	-----

Invocation: fail
mysql1 {Active}: spontaneous FAILED	-----

tomcat2 should STOP
tomcat1 should STOP
Invocation: fail
mysql2 {Active}: spontaneous FAILED	-----

tomcat1 should STOP
tomcat2 should STOP
Invocation: start
Invocation: running
Invocation: VMready
mysql1: is running on {vm2-Running}	-----

Monitor: {vm2} is {Running}.

tomcat1 should STOP
tomcat2 should STOP
Invocation: start
Invocation: running
Invocation: VMready
mysql2: is running on {vm2-Running}	-----

Monitor: {vm2} is {Running}.

Invocation: fail
mysql1 {Active}: spontaneous FAILED	-----

tomcat2 should STOP
tomcat1 should STOP
Invocation: start
mysql1: is running on {vm2-Running}	-----

Invocation: running
Invocation: VMready
Monitor: {vm2} is {Running}.

Invocation: fail
mysql2 {Active}: spontaneous FAILED	-----

tomcat2 should STOP
tomcat1 should STOP
Invocation: start
Invocation: running
Invocation: VMready
mysql2: is running on {vm2-Running}	-----

Monitor: {vm2} is {Running}.

Invocation: VMready
Invocation: running
Monitor: {vm2} is {Running}.

Invocation: VMready
Invocation: running
Monitor: {vm2} is {Running}.

Invocation: VMready
Monitor: {vm2} is {Running}.

Invocation: running
Invocation: delete
vm1: is off	-

Invocation: undeploy
mysql2: is undeployed	-----

Monitor: {vm1} is {Running}.

mysql2 check can Deploy: true
Invocation: start
vm1: is on	-

mysql2 check can Deploy: true
Invocation: active
mysql2 check can Deploy: true
Invocation: fail
mysql1 {Active}: spontaneous FAILED	-----

tomcat1 should STOP
tomcat2 should STOP
mysql2 check can Deploy: true
Invocation: start
Invocation: running
Invocation: VMready
mysql1: is running on {vm2-Running}	-----

Monitor: {vm2} is {Running}.

mysql2 check can Deploy: true
Invocation: fail
mysql1 {Active}: spontaneous FAILED	-----

mysql2 check can Deploy: true
tomcat2 should STOP
tomcat1 should STOP
Invocation: deploy
Invocation: running
Invocation: VMready
mysql2: is deployed on {vm2-Running}	-----

Monitor: {vm2} is {Running}.

tomcat2 should STOP
tomcat1 should STOP
Invocation: start
Invocation: running
Invocation: VMready
mysql1: is running on {vm2-Running}	-----

Monitor: {vm2} is {Running}.

Invocation: start
Invocation: running
Invocation: VMready
mysql2: is running on {vm2-Running}	-----

Monitor: {vm2} is {Running}.

Invocation: fail
mysql2 {Active}: spontaneous FAILED	-----

Invocation: start
Invocation: running
Invocation: VMready
mysql2: is running on {vm2-Running}	-----

Monitor: {vm2} is {Running}.

Invocation: fail
mysql1 {Active}: spontaneous FAILED	-----

tomcat1 should STOP
tomcat2 should STOP
Invocation: fail
mysql2 {Active}: spontaneous FAILED	-----

tomcat2 should STOP
tomcat1 should STOP
Invocation: start
Invocation: running
Invocation: VMready
Monitor: {vm2} is {Running}.

mysql1: is running on {vm2-Running}	-----

tomcat2 should STOP
tomcat1 should STOP
Invocation: start
Invocation: running
Invocation: VMready
mysql2: is running on {vm2-Running}	-----

Monitor: {vm2} is {Running}.

Invocation: VMready
Invocation: running
Monitor: {vm2} is {Running}.

Invocation: fail
mysql2 {Active}: spontaneous FAILED	-----

Invocation: start
Invocation: running
Invocation: VMready
mysql2: is running on {vm2-Running}	-----

Monitor: {vm2} is {Running}.

Invocation: fail
mysql1 {Active}: spontaneous FAILED	-----

tomcat1 should STOP
tomcat2 should STOP
Invocation: delete
vm2: is off	-

Invocation: undeploy
Monitor: {vm2} is {Running}.

tomcat2: is undeployed	-----

Invocation: start
vm2: is on	-

Invocation: active
Invocation: start
mysql1: is running on {vm2-Running}	-----

Invocation: running
Invocation: VMready
Monitor: {vm2} is {Running}.

Invocation: deploy
Invocation: running
Invocation: VMready
Monitor: {vm2} is {Running}.

tomcat2: is deployed on {vm2-Running}	-----

Invocation: configure
tomcat2: is configuring	-----

